<?xml version="1.0" encoding="UTF-8"?>
<testsuite xmlns:xsi="http://www.w3.org/2001/XMLSchema-instance" xsi:noNamespaceSchemaLocation="https://maven.apache.org/surefire/maven-surefire-plugin/xsd/surefire-test-report.xsd" name="au.com.riosoftware.scart.controller.ShoppingCartControllerIntegrationTest" time="1.104" tests="1" errors="1" skipped="0" failures="0">
  <properties>
    <property name="gopherProxySet" value="false"/>
    <property name="awt.toolkit" value="sun.lwawt.macosx.LWCToolkit"/>
    <property name="java.specification.version" value="11"/>
    <property name="sun.cpu.isalist" value=""/>
    <property name="sun.jnu.encoding" value="UTF-8"/>
    <property name="java.class.path" value="/Users/marciomarinho/projects/riosoftware/scart/target/test-classes:/Users/marciomarinho/projects/riosoftware/scart/target/classes:/Users/marciomarinho/.m2/repository/org/springframework/boot/spring-boot-starter-actuator/2.3.3.RELEASE/spring-boot-starter-actuator-2.3.3.RELEASE.jar:/Users/marciomarinho/.m2/repository/org/springframework/boot/spring-boot-starter/2.3.3.RELEASE/spring-boot-starter-2.3.3.RELEASE.jar:/Users/marciomarinho/.m2/repository/org/springframework/boot/spring-boot-starter-logging/2.3.3.RELEASE/spring-boot-starter-logging-2.3.3.RELEASE.jar:/Users/marciomarinho/.m2/repository/ch/qos/logback/logback-classic/1.2.3/logback-classic-1.2.3.jar:/Users/marciomarinho/.m2/repository/ch/qos/logback/logback-core/1.2.3/logback-core-1.2.3.jar:/Users/marciomarinho/.m2/repository/org/apache/logging/log4j/log4j-to-slf4j/2.13.3/log4j-to-slf4j-2.13.3.jar:/Users/marciomarinho/.m2/repository/org/apache/logging/log4j/log4j-api/2.13.3/log4j-api-2.13.3.jar:/Users/marciomarinho/.m2/repository/org/slf4j/jul-to-slf4j/1.7.30/jul-to-slf4j-1.7.30.jar:/Users/marciomarinho/.m2/repository/jakarta/annotation/jakarta.annotation-api/1.3.5/jakarta.annotation-api-1.3.5.jar:/Users/marciomarinho/.m2/repository/org/yaml/snakeyaml/1.26/snakeyaml-1.26.jar:/Users/marciomarinho/.m2/repository/org/springframework/boot/spring-boot-actuator-autoconfigure/2.3.3.RELEASE/spring-boot-actuator-autoconfigure-2.3.3.RELEASE.jar:/Users/marciomarinho/.m2/repository/org/springframework/boot/spring-boot-actuator/2.3.3.RELEASE/spring-boot-actuator-2.3.3.RELEASE.jar:/Users/marciomarinho/.m2/repository/com/fasterxml/jackson/core/jackson-databind/2.11.2/jackson-databind-2.11.2.jar:/Users/marciomarinho/.m2/repository/com/fasterxml/jackson/core/jackson-annotations/2.11.2/jackson-annotations-2.11.2.jar:/Users/marciomarinho/.m2/repository/com/fasterxml/jackson/core/jackson-core/2.11.2/jackson-core-2.11.2.jar:/Users/marciomarinho/.m2/repository/com/fasterxml/jackson/datatype/jackson-datatype-jsr310/2.11.2/jackson-datatype-jsr310-2.11.2.jar:/Users/marciomarinho/.m2/repository/io/micrometer/micrometer-core/1.5.4/micrometer-core-1.5.4.jar:/Users/marciomarinho/.m2/repository/org/hdrhistogram/HdrHistogram/2.1.12/HdrHistogram-2.1.12.jar:/Users/marciomarinho/.m2/repository/org/latencyutils/LatencyUtils/2.0.3/LatencyUtils-2.0.3.jar:/Users/marciomarinho/.m2/repository/org/springframework/boot/spring-boot-starter-data-jpa/2.3.3.RELEASE/spring-boot-starter-data-jpa-2.3.3.RELEASE.jar:/Users/marciomarinho/.m2/repository/org/springframework/boot/spring-boot-starter-aop/2.3.3.RELEASE/spring-boot-starter-aop-2.3.3.RELEASE.jar:/Users/marciomarinho/.m2/repository/org/springframework/spring-aop/5.2.8.RELEASE/spring-aop-5.2.8.RELEASE.jar:/Users/marciomarinho/.m2/repository/org/aspectj/aspectjweaver/1.9.6/aspectjweaver-1.9.6.jar:/Users/marciomarinho/.m2/repository/org/springframework/boot/spring-boot-starter-jdbc/2.3.3.RELEASE/spring-boot-starter-jdbc-2.3.3.RELEASE.jar:/Users/marciomarinho/.m2/repository/com/zaxxer/HikariCP/3.4.5/HikariCP-3.4.5.jar:/Users/marciomarinho/.m2/repository/org/springframework/spring-jdbc/5.2.8.RELEASE/spring-jdbc-5.2.8.RELEASE.jar:/Users/marciomarinho/.m2/repository/jakarta/transaction/jakarta.transaction-api/1.3.3/jakarta.transaction-api-1.3.3.jar:/Users/marciomarinho/.m2/repository/jakarta/persistence/jakarta.persistence-api/2.2.3/jakarta.persistence-api-2.2.3.jar:/Users/marciomarinho/.m2/repository/org/hibernate/hibernate-core/5.4.20.Final/hibernate-core-5.4.20.Final.jar:/Users/marciomarinho/.m2/repository/org/jboss/logging/jboss-logging/3.4.1.Final/jboss-logging-3.4.1.Final.jar:/Users/marciomarinho/.m2/repository/org/javassist/javassist/3.24.0-GA/javassist-3.24.0-GA.jar:/Users/marciomarinho/.m2/repository/net/bytebuddy/byte-buddy/1.10.14/byte-buddy-1.10.14.jar:/Users/marciomarinho/.m2/repository/antlr/antlr/2.7.7/antlr-2.7.7.jar:/Users/marciomarinho/.m2/repository/org/jboss/jandex/2.1.3.Final/jandex-2.1.3.Final.jar:/Users/marciomarinho/.m2/repository/com/fasterxml/classmate/1.5.1/classmate-1.5.1.jar:/Users/marciomarinho/.m2/repository/org/dom4j/dom4j/2.1.3/dom4j-2.1.3.jar:/Users/marciomarinho/.m2/repository/org/hibernate/common/hibernate-commons-annotations/5.1.0.Final/hibernate-commons-annotations-5.1.0.Final.jar:/Users/marciomarinho/.m2/repository/org/glassfish/jaxb/jaxb-runtime/2.3.3/jaxb-runtime-2.3.3.jar:/Users/marciomarinho/.m2/repository/org/glassfish/jaxb/txw2/2.3.3/txw2-2.3.3.jar:/Users/marciomarinho/.m2/repository/com/sun/istack/istack-commons-runtime/3.0.11/istack-commons-runtime-3.0.11.jar:/Users/marciomarinho/.m2/repository/com/sun/activation/jakarta.activation/1.2.2/jakarta.activation-1.2.2.jar:/Users/marciomarinho/.m2/repository/org/springframework/data/spring-data-jpa/2.3.3.RELEASE/spring-data-jpa-2.3.3.RELEASE.jar:/Users/marciomarinho/.m2/repository/org/springframework/data/spring-data-commons/2.3.3.RELEASE/spring-data-commons-2.3.3.RELEASE.jar:/Users/marciomarinho/.m2/repository/org/springframework/spring-orm/5.2.8.RELEASE/spring-orm-5.2.8.RELEASE.jar:/Users/marciomarinho/.m2/repository/org/springframework/spring-context/5.2.8.RELEASE/spring-context-5.2.8.RELEASE.jar:/Users/marciomarinho/.m2/repository/org/springframework/spring-tx/5.2.8.RELEASE/spring-tx-5.2.8.RELEASE.jar:/Users/marciomarinho/.m2/repository/org/springframework/spring-beans/5.2.8.RELEASE/spring-beans-5.2.8.RELEASE.jar:/Users/marciomarinho/.m2/repository/org/slf4j/slf4j-api/1.7.30/slf4j-api-1.7.30.jar:/Users/marciomarinho/.m2/repository/org/springframework/spring-aspects/5.2.8.RELEASE/spring-aspects-5.2.8.RELEASE.jar:/Users/marciomarinho/.m2/repository/org/springframework/boot/spring-boot-starter-web/2.3.3.RELEASE/spring-boot-starter-web-2.3.3.RELEASE.jar:/Users/marciomarinho/.m2/repository/org/springframework/boot/spring-boot-starter-json/2.3.3.RELEASE/spring-boot-starter-json-2.3.3.RELEASE.jar:/Users/marciomarinho/.m2/repository/com/fasterxml/jackson/datatype/jackson-datatype-jdk8/2.11.2/jackson-datatype-jdk8-2.11.2.jar:/Users/marciomarinho/.m2/repository/com/fasterxml/jackson/module/jackson-module-parameter-names/2.11.2/jackson-module-parameter-names-2.11.2.jar:/Users/marciomarinho/.m2/repository/org/springframework/boot/spring-boot-starter-tomcat/2.3.3.RELEASE/spring-boot-starter-tomcat-2.3.3.RELEASE.jar:/Users/marciomarinho/.m2/repository/org/apache/tomcat/embed/tomcat-embed-core/9.0.37/tomcat-embed-core-9.0.37.jar:/Users/marciomarinho/.m2/repository/org/glassfish/jakarta.el/3.0.3/jakarta.el-3.0.3.jar:/Users/marciomarinho/.m2/repository/org/apache/tomcat/embed/tomcat-embed-websocket/9.0.37/tomcat-embed-websocket-9.0.37.jar:/Users/marciomarinho/.m2/repository/org/springframework/spring-web/5.2.8.RELEASE/spring-web-5.2.8.RELEASE.jar:/Users/marciomarinho/.m2/repository/org/springframework/spring-webmvc/5.2.8.RELEASE/spring-webmvc-5.2.8.RELEASE.jar:/Users/marciomarinho/.m2/repository/org/springframework/spring-expression/5.2.8.RELEASE/spring-expression-5.2.8.RELEASE.jar:/Users/marciomarinho/.m2/repository/org/flywaydb/flyway-core/6.4.4/flyway-core-6.4.4.jar:/Users/marciomarinho/.m2/repository/org/springframework/boot/spring-boot-devtools/2.3.3.RELEASE/spring-boot-devtools-2.3.3.RELEASE.jar:/Users/marciomarinho/.m2/repository/org/springframework/boot/spring-boot/2.3.3.RELEASE/spring-boot-2.3.3.RELEASE.jar:/Users/marciomarinho/.m2/repository/org/springframework/boot/spring-boot-autoconfigure/2.3.3.RELEASE/spring-boot-autoconfigure-2.3.3.RELEASE.jar:/Users/marciomarinho/.m2/repository/com/h2database/h2/1.4.200/h2-1.4.200.jar:/Users/marciomarinho/.m2/repository/org/springframework/boot/spring-boot-starter-test/2.3.3.RELEASE/spring-boot-starter-test-2.3.3.RELEASE.jar:/Users/marciomarinho/.m2/repository/org/springframework/boot/spring-boot-test/2.3.3.RELEASE/spring-boot-test-2.3.3.RELEASE.jar:/Users/marciomarinho/.m2/repository/org/springframework/boot/spring-boot-test-autoconfigure/2.3.3.RELEASE/spring-boot-test-autoconfigure-2.3.3.RELEASE.jar:/Users/marciomarinho/.m2/repository/com/jayway/jsonpath/json-path/2.4.0/json-path-2.4.0.jar:/Users/marciomarinho/.m2/repository/net/minidev/json-smart/2.3/json-smart-2.3.jar:/Users/marciomarinho/.m2/repository/net/minidev/accessors-smart/1.2/accessors-smart-1.2.jar:/Users/marciomarinho/.m2/repository/org/ow2/asm/asm/5.0.4/asm-5.0.4.jar:/Users/marciomarinho/.m2/repository/jakarta/xml/bind/jakarta.xml.bind-api/2.3.3/jakarta.xml.bind-api-2.3.3.jar:/Users/marciomarinho/.m2/repository/jakarta/activation/jakarta.activation-api/1.2.2/jakarta.activation-api-1.2.2.jar:/Users/marciomarinho/.m2/repository/org/assertj/assertj-core/3.16.1/assertj-core-3.16.1.jar:/Users/marciomarinho/.m2/repository/org/hamcrest/hamcrest/2.2/hamcrest-2.2.jar:/Users/marciomarinho/.m2/repository/org/junit/jupiter/junit-jupiter/5.6.2/junit-jupiter-5.6.2.jar:/Users/marciomarinho/.m2/repository/org/junit/jupiter/junit-jupiter-api/5.6.2/junit-jupiter-api-5.6.2.jar:/Users/marciomarinho/.m2/repository/org/apiguardian/apiguardian-api/1.1.0/apiguardian-api-1.1.0.jar:/Users/marciomarinho/.m2/repository/org/opentest4j/opentest4j/1.2.0/opentest4j-1.2.0.jar:/Users/marciomarinho/.m2/repository/org/junit/platform/junit-platform-commons/1.6.2/junit-platform-commons-1.6.2.jar:/Users/marciomarinho/.m2/repository/org/junit/jupiter/junit-jupiter-params/5.6.2/junit-jupiter-params-5.6.2.jar:/Users/marciomarinho/.m2/repository/org/junit/jupiter/junit-jupiter-engine/5.6.2/junit-jupiter-engine-5.6.2.jar:/Users/marciomarinho/.m2/repository/org/junit/platform/junit-platform-engine/1.6.2/junit-platform-engine-1.6.2.jar:/Users/marciomarinho/.m2/repository/org/mockito/mockito-core/3.3.3/mockito-core-3.3.3.jar:/Users/marciomarinho/.m2/repository/net/bytebuddy/byte-buddy-agent/1.10.14/byte-buddy-agent-1.10.14.jar:/Users/marciomarinho/.m2/repository/org/objenesis/objenesis/2.6/objenesis-2.6.jar:/Users/marciomarinho/.m2/repository/org/mockito/mockito-junit-jupiter/3.3.3/mockito-junit-jupiter-3.3.3.jar:/Users/marciomarinho/.m2/repository/org/skyscreamer/jsonassert/1.5.0/jsonassert-1.5.0.jar:/Users/marciomarinho/.m2/repository/com/vaadin/external/google/android-json/0.0.20131108.vaadin1/android-json-0.0.20131108.vaadin1.jar:/Users/marciomarinho/.m2/repository/org/springframework/spring-core/5.2.8.RELEASE/spring-core-5.2.8.RELEASE.jar:/Users/marciomarinho/.m2/repository/org/springframework/spring-jcl/5.2.8.RELEASE/spring-jcl-5.2.8.RELEASE.jar:/Users/marciomarinho/.m2/repository/org/springframework/spring-test/5.2.8.RELEASE/spring-test-5.2.8.RELEASE.jar:/Users/marciomarinho/.m2/repository/org/xmlunit/xmlunit-core/2.7.0/xmlunit-core-2.7.0.jar:"/>
    <property name="java.vm.vendor" value="Amazon.com Inc."/>
    <property name="sun.arch.data.model" value="64"/>
    <property name="java.vendor.url" value="https://aws.amazon.com/corretto/"/>
    <property name="user.timezone" value=""/>
    <property name="java.vm.specification.version" value="11"/>
    <property name="os.name" value="Mac OS X"/>
    <property name="sun.java.launcher" value="SUN_STANDARD"/>
    <property name="user.country" value="AU"/>
    <property name="sun.boot.library.path" value="/Library/Java/JavaVirtualMachines/amazon-corretto-11.jdk/Contents/Home/lib"/>
    <property name="sun.java.command" value="/Users/marciomarinho/projects/riosoftware/scart/target/surefire/surefirebooter12489027250856367.jar /Users/marciomarinho/projects/riosoftware/scart/target/surefire 2020-09-14T14-32-18_648-jvmRun1 surefire17585356083968696045tmp surefire_05222444578024560716tmp"/>
    <property name="http.nonProxyHosts" value="local|*.local|169.254/16|*.169.254/16"/>
    <property name="jdk.debug" value="release"/>
    <property name="surefire.test.class.path" value="/Users/marciomarinho/projects/riosoftware/scart/target/test-classes:/Users/marciomarinho/projects/riosoftware/scart/target/classes:/Users/marciomarinho/.m2/repository/org/springframework/boot/spring-boot-starter-actuator/2.3.3.RELEASE/spring-boot-starter-actuator-2.3.3.RELEASE.jar:/Users/marciomarinho/.m2/repository/org/springframework/boot/spring-boot-starter/2.3.3.RELEASE/spring-boot-starter-2.3.3.RELEASE.jar:/Users/marciomarinho/.m2/repository/org/springframework/boot/spring-boot-starter-logging/2.3.3.RELEASE/spring-boot-starter-logging-2.3.3.RELEASE.jar:/Users/marciomarinho/.m2/repository/ch/qos/logback/logback-classic/1.2.3/logback-classic-1.2.3.jar:/Users/marciomarinho/.m2/repository/ch/qos/logback/logback-core/1.2.3/logback-core-1.2.3.jar:/Users/marciomarinho/.m2/repository/org/apache/logging/log4j/log4j-to-slf4j/2.13.3/log4j-to-slf4j-2.13.3.jar:/Users/marciomarinho/.m2/repository/org/apache/logging/log4j/log4j-api/2.13.3/log4j-api-2.13.3.jar:/Users/marciomarinho/.m2/repository/org/slf4j/jul-to-slf4j/1.7.30/jul-to-slf4j-1.7.30.jar:/Users/marciomarinho/.m2/repository/jakarta/annotation/jakarta.annotation-api/1.3.5/jakarta.annotation-api-1.3.5.jar:/Users/marciomarinho/.m2/repository/org/yaml/snakeyaml/1.26/snakeyaml-1.26.jar:/Users/marciomarinho/.m2/repository/org/springframework/boot/spring-boot-actuator-autoconfigure/2.3.3.RELEASE/spring-boot-actuator-autoconfigure-2.3.3.RELEASE.jar:/Users/marciomarinho/.m2/repository/org/springframework/boot/spring-boot-actuator/2.3.3.RELEASE/spring-boot-actuator-2.3.3.RELEASE.jar:/Users/marciomarinho/.m2/repository/com/fasterxml/jackson/core/jackson-databind/2.11.2/jackson-databind-2.11.2.jar:/Users/marciomarinho/.m2/repository/com/fasterxml/jackson/core/jackson-annotations/2.11.2/jackson-annotations-2.11.2.jar:/Users/marciomarinho/.m2/repository/com/fasterxml/jackson/core/jackson-core/2.11.2/jackson-core-2.11.2.jar:/Users/marciomarinho/.m2/repository/com/fasterxml/jackson/datatype/jackson-datatype-jsr310/2.11.2/jackson-datatype-jsr310-2.11.2.jar:/Users/marciomarinho/.m2/repository/io/micrometer/micrometer-core/1.5.4/micrometer-core-1.5.4.jar:/Users/marciomarinho/.m2/repository/org/hdrhistogram/HdrHistogram/2.1.12/HdrHistogram-2.1.12.jar:/Users/marciomarinho/.m2/repository/org/latencyutils/LatencyUtils/2.0.3/LatencyUtils-2.0.3.jar:/Users/marciomarinho/.m2/repository/org/springframework/boot/spring-boot-starter-data-jpa/2.3.3.RELEASE/spring-boot-starter-data-jpa-2.3.3.RELEASE.jar:/Users/marciomarinho/.m2/repository/org/springframework/boot/spring-boot-starter-aop/2.3.3.RELEASE/spring-boot-starter-aop-2.3.3.RELEASE.jar:/Users/marciomarinho/.m2/repository/org/springframework/spring-aop/5.2.8.RELEASE/spring-aop-5.2.8.RELEASE.jar:/Users/marciomarinho/.m2/repository/org/aspectj/aspectjweaver/1.9.6/aspectjweaver-1.9.6.jar:/Users/marciomarinho/.m2/repository/org/springframework/boot/spring-boot-starter-jdbc/2.3.3.RELEASE/spring-boot-starter-jdbc-2.3.3.RELEASE.jar:/Users/marciomarinho/.m2/repository/com/zaxxer/HikariCP/3.4.5/HikariCP-3.4.5.jar:/Users/marciomarinho/.m2/repository/org/springframework/spring-jdbc/5.2.8.RELEASE/spring-jdbc-5.2.8.RELEASE.jar:/Users/marciomarinho/.m2/repository/jakarta/transaction/jakarta.transaction-api/1.3.3/jakarta.transaction-api-1.3.3.jar:/Users/marciomarinho/.m2/repository/jakarta/persistence/jakarta.persistence-api/2.2.3/jakarta.persistence-api-2.2.3.jar:/Users/marciomarinho/.m2/repository/org/hibernate/hibernate-core/5.4.20.Final/hibernate-core-5.4.20.Final.jar:/Users/marciomarinho/.m2/repository/org/jboss/logging/jboss-logging/3.4.1.Final/jboss-logging-3.4.1.Final.jar:/Users/marciomarinho/.m2/repository/org/javassist/javassist/3.24.0-GA/javassist-3.24.0-GA.jar:/Users/marciomarinho/.m2/repository/net/bytebuddy/byte-buddy/1.10.14/byte-buddy-1.10.14.jar:/Users/marciomarinho/.m2/repository/antlr/antlr/2.7.7/antlr-2.7.7.jar:/Users/marciomarinho/.m2/repository/org/jboss/jandex/2.1.3.Final/jandex-2.1.3.Final.jar:/Users/marciomarinho/.m2/repository/com/fasterxml/classmate/1.5.1/classmate-1.5.1.jar:/Users/marciomarinho/.m2/repository/org/dom4j/dom4j/2.1.3/dom4j-2.1.3.jar:/Users/marciomarinho/.m2/repository/org/hibernate/common/hibernate-commons-annotations/5.1.0.Final/hibernate-commons-annotations-5.1.0.Final.jar:/Users/marciomarinho/.m2/repository/org/glassfish/jaxb/jaxb-runtime/2.3.3/jaxb-runtime-2.3.3.jar:/Users/marciomarinho/.m2/repository/org/glassfish/jaxb/txw2/2.3.3/txw2-2.3.3.jar:/Users/marciomarinho/.m2/repository/com/sun/istack/istack-commons-runtime/3.0.11/istack-commons-runtime-3.0.11.jar:/Users/marciomarinho/.m2/repository/com/sun/activation/jakarta.activation/1.2.2/jakarta.activation-1.2.2.jar:/Users/marciomarinho/.m2/repository/org/springframework/data/spring-data-jpa/2.3.3.RELEASE/spring-data-jpa-2.3.3.RELEASE.jar:/Users/marciomarinho/.m2/repository/org/springframework/data/spring-data-commons/2.3.3.RELEASE/spring-data-commons-2.3.3.RELEASE.jar:/Users/marciomarinho/.m2/repository/org/springframework/spring-orm/5.2.8.RELEASE/spring-orm-5.2.8.RELEASE.jar:/Users/marciomarinho/.m2/repository/org/springframework/spring-context/5.2.8.RELEASE/spring-context-5.2.8.RELEASE.jar:/Users/marciomarinho/.m2/repository/org/springframework/spring-tx/5.2.8.RELEASE/spring-tx-5.2.8.RELEASE.jar:/Users/marciomarinho/.m2/repository/org/springframework/spring-beans/5.2.8.RELEASE/spring-beans-5.2.8.RELEASE.jar:/Users/marciomarinho/.m2/repository/org/slf4j/slf4j-api/1.7.30/slf4j-api-1.7.30.jar:/Users/marciomarinho/.m2/repository/org/springframework/spring-aspects/5.2.8.RELEASE/spring-aspects-5.2.8.RELEASE.jar:/Users/marciomarinho/.m2/repository/org/springframework/boot/spring-boot-starter-web/2.3.3.RELEASE/spring-boot-starter-web-2.3.3.RELEASE.jar:/Users/marciomarinho/.m2/repository/org/springframework/boot/spring-boot-starter-json/2.3.3.RELEASE/spring-boot-starter-json-2.3.3.RELEASE.jar:/Users/marciomarinho/.m2/repository/com/fasterxml/jackson/datatype/jackson-datatype-jdk8/2.11.2/jackson-datatype-jdk8-2.11.2.jar:/Users/marciomarinho/.m2/repository/com/fasterxml/jackson/module/jackson-module-parameter-names/2.11.2/jackson-module-parameter-names-2.11.2.jar:/Users/marciomarinho/.m2/repository/org/springframework/boot/spring-boot-starter-tomcat/2.3.3.RELEASE/spring-boot-starter-tomcat-2.3.3.RELEASE.jar:/Users/marciomarinho/.m2/repository/org/apache/tomcat/embed/tomcat-embed-core/9.0.37/tomcat-embed-core-9.0.37.jar:/Users/marciomarinho/.m2/repository/org/glassfish/jakarta.el/3.0.3/jakarta.el-3.0.3.jar:/Users/marciomarinho/.m2/repository/org/apache/tomcat/embed/tomcat-embed-websocket/9.0.37/tomcat-embed-websocket-9.0.37.jar:/Users/marciomarinho/.m2/repository/org/springframework/spring-web/5.2.8.RELEASE/spring-web-5.2.8.RELEASE.jar:/Users/marciomarinho/.m2/repository/org/springframework/spring-webmvc/5.2.8.RELEASE/spring-webmvc-5.2.8.RELEASE.jar:/Users/marciomarinho/.m2/repository/org/springframework/spring-expression/5.2.8.RELEASE/spring-expression-5.2.8.RELEASE.jar:/Users/marciomarinho/.m2/repository/org/flywaydb/flyway-core/6.4.4/flyway-core-6.4.4.jar:/Users/marciomarinho/.m2/repository/org/springframework/boot/spring-boot-devtools/2.3.3.RELEASE/spring-boot-devtools-2.3.3.RELEASE.jar:/Users/marciomarinho/.m2/repository/org/springframework/boot/spring-boot/2.3.3.RELEASE/spring-boot-2.3.3.RELEASE.jar:/Users/marciomarinho/.m2/repository/org/springframework/boot/spring-boot-autoconfigure/2.3.3.RELEASE/spring-boot-autoconfigure-2.3.3.RELEASE.jar:/Users/marciomarinho/.m2/repository/com/h2database/h2/1.4.200/h2-1.4.200.jar:/Users/marciomarinho/.m2/repository/org/springframework/boot/spring-boot-starter-test/2.3.3.RELEASE/spring-boot-starter-test-2.3.3.RELEASE.jar:/Users/marciomarinho/.m2/repository/org/springframework/boot/spring-boot-test/2.3.3.RELEASE/spring-boot-test-2.3.3.RELEASE.jar:/Users/marciomarinho/.m2/repository/org/springframework/boot/spring-boot-test-autoconfigure/2.3.3.RELEASE/spring-boot-test-autoconfigure-2.3.3.RELEASE.jar:/Users/marciomarinho/.m2/repository/com/jayway/jsonpath/json-path/2.4.0/json-path-2.4.0.jar:/Users/marciomarinho/.m2/repository/net/minidev/json-smart/2.3/json-smart-2.3.jar:/Users/marciomarinho/.m2/repository/net/minidev/accessors-smart/1.2/accessors-smart-1.2.jar:/Users/marciomarinho/.m2/repository/org/ow2/asm/asm/5.0.4/asm-5.0.4.jar:/Users/marciomarinho/.m2/repository/jakarta/xml/bind/jakarta.xml.bind-api/2.3.3/jakarta.xml.bind-api-2.3.3.jar:/Users/marciomarinho/.m2/repository/jakarta/activation/jakarta.activation-api/1.2.2/jakarta.activation-api-1.2.2.jar:/Users/marciomarinho/.m2/repository/org/assertj/assertj-core/3.16.1/assertj-core-3.16.1.jar:/Users/marciomarinho/.m2/repository/org/hamcrest/hamcrest/2.2/hamcrest-2.2.jar:/Users/marciomarinho/.m2/repository/org/junit/jupiter/junit-jupiter/5.6.2/junit-jupiter-5.6.2.jar:/Users/marciomarinho/.m2/repository/org/junit/jupiter/junit-jupiter-api/5.6.2/junit-jupiter-api-5.6.2.jar:/Users/marciomarinho/.m2/repository/org/apiguardian/apiguardian-api/1.1.0/apiguardian-api-1.1.0.jar:/Users/marciomarinho/.m2/repository/org/opentest4j/opentest4j/1.2.0/opentest4j-1.2.0.jar:/Users/marciomarinho/.m2/repository/org/junit/platform/junit-platform-commons/1.6.2/junit-platform-commons-1.6.2.jar:/Users/marciomarinho/.m2/repository/org/junit/jupiter/junit-jupiter-params/5.6.2/junit-jupiter-params-5.6.2.jar:/Users/marciomarinho/.m2/repository/org/junit/jupiter/junit-jupiter-engine/5.6.2/junit-jupiter-engine-5.6.2.jar:/Users/marciomarinho/.m2/repository/org/junit/platform/junit-platform-engine/1.6.2/junit-platform-engine-1.6.2.jar:/Users/marciomarinho/.m2/repository/org/mockito/mockito-core/3.3.3/mockito-core-3.3.3.jar:/Users/marciomarinho/.m2/repository/net/bytebuddy/byte-buddy-agent/1.10.14/byte-buddy-agent-1.10.14.jar:/Users/marciomarinho/.m2/repository/org/objenesis/objenesis/2.6/objenesis-2.6.jar:/Users/marciomarinho/.m2/repository/org/mockito/mockito-junit-jupiter/3.3.3/mockito-junit-jupiter-3.3.3.jar:/Users/marciomarinho/.m2/repository/org/skyscreamer/jsonassert/1.5.0/jsonassert-1.5.0.jar:/Users/marciomarinho/.m2/repository/com/vaadin/external/google/android-json/0.0.20131108.vaadin1/android-json-0.0.20131108.vaadin1.jar:/Users/marciomarinho/.m2/repository/org/springframework/spring-core/5.2.8.RELEASE/spring-core-5.2.8.RELEASE.jar:/Users/marciomarinho/.m2/repository/org/springframework/spring-jcl/5.2.8.RELEASE/spring-jcl-5.2.8.RELEASE.jar:/Users/marciomarinho/.m2/repository/org/springframework/spring-test/5.2.8.RELEASE/spring-test-5.2.8.RELEASE.jar:/Users/marciomarinho/.m2/repository/org/xmlunit/xmlunit-core/2.7.0/xmlunit-core-2.7.0.jar:"/>
    <property name="sun.cpu.endian" value="little"/>
    <property name="user.home" value="/Users/marciomarinho"/>
    <property name="user.language" value="en"/>
    <property name="java.specification.vendor" value="Oracle Corporation"/>
    <property name="java.version.date" value="2020-04-14"/>
    <property name="java.home" value="/Library/Java/JavaVirtualMachines/amazon-corretto-11.jdk/Contents/Home"/>
    <property name="file.separator" value="/"/>
    <property name="basedir" value="/Users/marciomarinho/projects/riosoftware/scart"/>
    <property name="java.vm.compressedOopsMode" value="Zero based"/>
    <property name="line.separator" value="&#10;"/>
    <property name="java.specification.name" value="Java Platform API Specification"/>
    <property name="java.vm.specification.vendor" value="Oracle Corporation"/>
    <property name="java.awt.graphicsenv" value="sun.awt.CGraphicsEnvironment"/>
    <property name="surefire.real.class.path" value="/Users/marciomarinho/projects/riosoftware/scart/target/surefire/surefirebooter12489027250856367.jar"/>
    <property name="sun.management.compiler" value="HotSpot 64-Bit Tiered Compilers"/>
    <property name="ftp.nonProxyHosts" value="local|*.local|169.254/16|*.169.254/16"/>
    <property name="java.runtime.version" value="11.0.7+10-LTS"/>
    <property name="user.name" value="marciomarinho"/>
    <property name="path.separator" value=":"/>
    <property name="os.version" value="10.15.6"/>
    <property name="java.runtime.name" value="OpenJDK Runtime Environment"/>
    <property name="file.encoding" value="UTF-8"/>
    <property name="java.vm.name" value="OpenJDK 64-Bit Server VM"/>
    <property name="java.vendor.version" value="Corretto-11.0.7.10.1"/>
    <property name="localRepository" value="/Users/marciomarinho/.m2/repository"/>
    <property name="java.vendor.url.bug" value="https://github.com/corretto/corretto-11/issues/"/>
    <property name="java.io.tmpdir" value="/var/folders/w7/24xywj351x7051vgtq_85zpw0000gn/T/"/>
    <property name="java.version" value="11.0.7"/>
    <property name="user.dir" value="/Users/marciomarinho/projects/riosoftware/scart"/>
    <property name="os.arch" value="x86_64"/>
    <property name="java.vm.specification.name" value="Java Virtual Machine Specification"/>
    <property name="java.awt.printerjob" value="sun.lwawt.macosx.CPrinterJob"/>
    <property name="sun.os.patch.level" value="unknown"/>
    <property name="java.library.path" value="/Users/marciomarinho/Library/Java/Extensions:/Library/Java/Extensions:/Network/Library/Java/Extensions:/System/Library/Java/Extensions:/usr/lib/java:."/>
    <property name="java.vendor" value="Amazon.com Inc."/>
    <property name="java.vm.info" value="mixed mode"/>
    <property name="java.vm.version" value="11.0.7+10-LTS"/>
    <property name="sun.io.unicode.encoding" value="UnicodeBig"/>
    <property name="java.class.version" value="55.0"/>
    <property name="socksNonProxyHosts" value="local|*.local|169.254/16|*.169.254/16"/>
  </properties>
  <testcase name="registrationWorksThroughAllLayers" classname="au.com.riosoftware.scart.controller.ShoppingCartControllerIntegrationTest" time="0.162">
    <error message="Request processing failed; nested exception is org.springframework.dao.DataIntegrityViolationException: could not execute statement; SQL [n/a]; constraint [null]; nested exception is org.hibernate.exception.ConstraintViolationException: could not execute statement" type="org.springframework.web.util.NestedServletException">org.springframework.web.util.NestedServletException: Request processing failed; nested exception is org.springframework.dao.DataIntegrityViolationException: could not execute statement; SQL [n/a]; constraint [null]; nested exception is org.hibernate.exception.ConstraintViolationException: could not execute statement
	at au.com.riosoftware.scart.controller.ShoppingCartControllerIntegrationTest.registrationWorksThroughAllLayers(ShoppingCartControllerIntegrationTest.java:35)
Caused by: org.springframework.dao.DataIntegrityViolationException: could not execute statement; SQL [n/a]; constraint [null]; nested exception is org.hibernate.exception.ConstraintViolationException: could not execute statement
	at au.com.riosoftware.scart.controller.ShoppingCartControllerIntegrationTest.registrationWorksThroughAllLayers(ShoppingCartControllerIntegrationTest.java:35)
Caused by: org.hibernate.exception.ConstraintViolationException: could not execute statement
	at au.com.riosoftware.scart.controller.ShoppingCartControllerIntegrationTest.registrationWorksThroughAllLayers(ShoppingCartControllerIntegrationTest.java:35)
Caused by: org.h2.jdbc.JdbcSQLIntegrityConstraintViolationException: 
NULL not allowed for column "ID"; SQL statement:
insert into shopping_cart (id, total) values (null, ?) [23502-200]
	at au.com.riosoftware.scart.controller.ShoppingCartControllerIntegrationTest.registrationWorksThroughAllLayers(ShoppingCartControllerIntegrationTest.java:35)
</error>
    <system-out><![CDATA[2020-09-14 14:32:25.427  INFO 11520 --- [           main] .b.t.c.SpringBootTestContextBootstrapper : Neither @ContextConfiguration nor @ContextHierarchy found for test class [au.com.riosoftware.scart.controller.ShoppingCartControllerIntegrationTest], using SpringBootContextLoader
2020-09-14 14:32:25.428  INFO 11520 --- [           main] o.s.t.c.support.AbstractContextLoader    : Could not detect default resource locations for test class [au.com.riosoftware.scart.controller.ShoppingCartControllerIntegrationTest]: no resource found for suffixes {-context.xml, Context.groovy}.
2020-09-14 14:32:25.428  INFO 11520 --- [           main] t.c.s.AnnotationConfigContextLoaderUtils : Could not detect default configuration classes for test class [au.com.riosoftware.scart.controller.ShoppingCartControllerIntegrationTest]: ShoppingCartControllerIntegrationTest does not declare any static, non-private, non-final, nested classes annotated with @Configuration.
2020-09-14 14:32:25.440  INFO 11520 --- [           main] .b.t.c.SpringBootTestContextBootstrapper : Found @SpringBootConfiguration au.com.riosoftware.scart.Application for test class au.com.riosoftware.scart.controller.ShoppingCartControllerIntegrationTest
2020-09-14 14:32:25.442  INFO 11520 --- [           main] .b.t.c.SpringBootTestContextBootstrapper : Loaded default TestExecutionListener class names from location [META-INF/spring.factories]: [org.springframework.boot.test.mock.mockito.MockitoTestExecutionListener, org.springframework.boot.test.mock.mockito.ResetMocksTestExecutionListener, org.springframework.boot.test.autoconfigure.restdocs.RestDocsTestExecutionListener, org.springframework.boot.test.autoconfigure.web.client.MockRestServiceServerResetTestExecutionListener, org.springframework.boot.test.autoconfigure.web.servlet.MockMvcPrintOnlyOnFailureTestExecutionListener, org.springframework.boot.test.autoconfigure.web.servlet.WebDriverTestExecutionListener, org.springframework.boot.test.autoconfigure.webservices.client.MockWebServiceServerTestExecutionListener, org.springframework.test.context.web.ServletTestExecutionListener, org.springframework.test.context.support.DirtiesContextBeforeModesTestExecutionListener, org.springframework.test.context.support.DependencyInjectionTestExecutionListener, org.springframework.test.context.support.DirtiesContextTestExecutionListener, org.springframework.test.context.transaction.TransactionalTestExecutionListener, org.springframework.test.context.jdbc.SqlScriptsTestExecutionListener, org.springframework.test.context.event.EventPublishingTestExecutionListener]
2020-09-14 14:32:25.442  INFO 11520 --- [           main] .b.t.c.SpringBootTestContextBootstrapper : Using TestExecutionListeners: [org.springframework.test.context.web.ServletTestExecutionListener@26056ce3, org.springframework.test.context.support.DirtiesContextBeforeModesTestExecutionListener@6fb6572f, org.springframework.boot.test.mock.mockito.MockitoTestExecutionListener@2a971c, org.springframework.boot.test.autoconfigure.SpringBootDependencyInjectionTestExecutionListener@681e3e39, org.springframework.test.context.support.DirtiesContextTestExecutionListener@65f125ad, org.springframework.test.context.transaction.TransactionalTestExecutionListener@38231913, org.springframework.test.context.jdbc.SqlScriptsTestExecutionListener@6c65fb7c, org.springframework.test.context.event.EventPublishingTestExecutionListener@7513ff3f, org.springframework.boot.test.mock.mockito.ResetMocksTestExecutionListener@19a3607d, org.springframework.boot.test.autoconfigure.restdocs.RestDocsTestExecutionListener@396809db, org.springframework.boot.test.autoconfigure.web.client.MockRestServiceServerResetTestExecutionListener@7a15ab91, org.springframework.boot.test.autoconfigure.web.servlet.MockMvcPrintOnlyOnFailureTestExecutionListener@101559eb, org.springframework.boot.test.autoconfigure.web.servlet.WebDriverTestExecutionListener@12b7731c, org.springframework.boot.test.autoconfigure.webservices.client.MockWebServiceServerTestExecutionListener@6be88640]

  .   ____          _            __ _ _
 /\\ / ___'_ __ _ _(_)_ __  __ _ \ \ \ \
( ( )\___ | '_ | '_| | '_ \/ _` | \ \ \ \
 \\/  ___)| |_)| | | | | || (_| |  ) ) ) )
  '  |____| .__|_| |_|_| |_\__, | / / / /
 =========|_|==============|___/=/_/_/_/
 :: Spring Boot ::        (v2.3.3.RELEASE)

2020-09-14 14:32:25.472  INFO 11520 --- [           main] .c.ShoppingCartControllerIntegrationTest : Starting ShoppingCartControllerIntegrationTest on ip-10-0-5-24.ap-southeast-2.compute.internal with PID 11520 (started by marciomarinho in /Users/marciomarinho/projects/riosoftware/scart)
2020-09-14 14:32:25.473  INFO 11520 --- [           main] .c.ShoppingCartControllerIntegrationTest : No active profile set, falling back to default profiles: default
2020-09-14 14:32:25.694  INFO 11520 --- [           main] .s.d.r.c.RepositoryConfigurationDelegate : Bootstrapping Spring Data JPA repositories in DEFERRED mode.
2020-09-14 14:32:25.705  INFO 11520 --- [           main] .s.d.r.c.RepositoryConfigurationDelegate : Finished Spring Data repository scanning in 11ms. Found 2 JPA repository interfaces.
2020-09-14 14:32:25.812  INFO 11520 --- [           main] com.zaxxer.hikari.HikariDataSource       : HikariPool-2 - Starting...
2020-09-14 14:32:25.813  INFO 11520 --- [           main] com.zaxxer.hikari.HikariDataSource       : HikariPool-2 - Start completed.
2020-09-14 14:32:25.813  INFO 11520 --- [           main] o.f.c.internal.database.DatabaseFactory  : Database: jdbc:h2:mem:scartdb_test (H2 1.4)
2020-09-14 14:32:25.820  INFO 11520 --- [           main] o.f.core.internal.command.DbValidate     : Successfully validated 2 migrations (execution time 00:00.004s)
2020-09-14 14:32:25.828  INFO 11520 --- [           main] o.f.core.internal.command.DbMigrate      : Current version of schema "PUBLIC": 2
2020-09-14 14:32:25.830  INFO 11520 --- [           main] o.f.core.internal.command.DbMigrate      : Schema "PUBLIC" is up to date. No migration necessary.
2020-09-14 14:32:25.863  INFO 11520 --- [           main] o.s.s.concurrent.ThreadPoolTaskExecutor  : Initializing ExecutorService 'applicationTaskExecutor'
2020-09-14 14:32:25.875  INFO 11520 --- [         task-1] o.hibernate.jpa.internal.util.LogHelper  : HHH000204: Processing PersistenceUnitInfo [name: default]
2020-09-14 14:32:25.881  INFO 11520 --- [         task-1] org.hibernate.dialect.Dialect            : HHH000400: Using dialect: org.hibernate.dialect.H2Dialect
2020-09-14 14:32:25.940  INFO 11520 --- [         task-1] o.h.e.t.j.p.i.JtaPlatformInitiator       : HHH000490: Using JtaPlatform implementation: [org.hibernate.engine.transaction.jta.platform.internal.NoJtaPlatform]
2020-09-14 14:32:25.941  INFO 11520 --- [         task-1] j.LocalContainerEntityManagerFactoryBean : Initialized JPA EntityManagerFactory for persistence unit 'default'
2020-09-14 14:32:25.969  WARN 11520 --- [           main] JpaBaseConfiguration$JpaWebConfiguration : spring.jpa.open-in-view is enabled by default. Therefore, database queries may be performed during view rendering. Explicitly configure spring.jpa.open-in-view to disable this warning
2020-09-14 14:32:26.073  INFO 11520 --- [           main] o.s.b.a.h2.H2ConsoleAutoConfiguration    : H2 console available at '/h2'. Database available at 'jdbc:h2:mem:scartdb_test'
2020-09-14 14:32:26.277  INFO 11520 --- [           main] o.s.b.t.m.w.SpringBootMockServletContext : Initializing Spring TestDispatcherServlet ''
2020-09-14 14:32:26.278  INFO 11520 --- [           main] o.s.t.web.servlet.TestDispatcherServlet  : Initializing Servlet ''
2020-09-14 14:32:26.286  INFO 11520 --- [           main] o.s.b.a.e.web.EndpointLinksResolver      : Exposing 2 endpoint(s) beneath base path '/actuator'
2020-09-14 14:32:26.308  INFO 11520 --- [           main] o.s.t.web.servlet.TestDispatcherServlet  : Completed initialization in 30 ms
2020-09-14 14:32:26.319  INFO 11520 --- [           main] DeferredRepositoryInitializationListener : Triggering deferred initialization of Spring Data repositories…
2020-09-14 14:32:26.361  INFO 11520 --- [           main] DeferredRepositoryInitializationListener : Spring Data repositories initialized!
2020-09-14 14:32:26.367  INFO 11520 --- [           main] .c.ShoppingCartControllerIntegrationTest : Started ShoppingCartControllerIntegrationTest in 0.922 seconds (JVM running for 7.542)
Hibernate: insert into shopping_cart (id, total) values (null, ?)
2020-09-14 14:32:26.505  WARN 11520 --- [           main] o.h.engine.jdbc.spi.SqlExceptionHelper   : SQL Error: 23502, SQLState: 23502
2020-09-14 14:32:26.506 ERROR 11520 --- [           main] o.h.engine.jdbc.spi.SqlExceptionHelper   : NULL not allowed for column "ID"; SQL statement:
insert into shopping_cart (id, total) values (null, ?) [23502-200]
]]></system-out>
  </testcase>
</testsuite>